<?xml version="1.0" encoding="UTF-8"?>
<!-- Generated by org.testng.reporters.JUnitReportReporter -->
<testsuite skipped="0" hostname="dell" name="com.qa.codeElan.TestRunner.TestNgRunner" tests="1" failures="0" timestamp="17 May 2020 14:40:22 GMT" time="40.862" errors="0">
  <testcase name="feature" time="40.862" classname="com.qa.codeElan.TestRunner.TestNgRunner"/>
</testsuite> <!-- com.qa.codeElan.TestRunner.TestNgRunner -->
