<?xml version="1.0" encoding="UTF-8"?>
<!-- Generated by org.testng.reporters.JUnitReportReporter -->
<testsuite skipped="0" hostname="dell" name="com.qa.codeElan.TestPages.Level1PageTest" tests="1" failures="0" timestamp="05 Aug 2020 13:45:59 GMT" time="35.908" errors="0">
  <testcase name="getApproveIdeaOnLevel1Page" time="35.908" classname="com.qa.codeElan.TestPages.Level1PageTest"/>
</testsuite> <!-- com.qa.codeElan.TestPages.Level1PageTest -->
