<?xml version="1.0" encoding="UTF-8"?>
<!-- Generated by org.testng.reporters.JUnitReportReporter -->
<testsuite skipped="0" hostname="dell" name="com.qa.codeElan.TestPages.IdeatorPageTest" tests="2" failures="0" timestamp="09 Aug 2020 05:34:27 GMT" time="189.746" errors="0">
  <testcase name="getCreateIdeaTest" time="47.490" classname="com.qa.codeElan.TestPages.IdeatorPageTest"/>
  <testcase name="getConvertMainIdeaTest" time="142.256" classname="com.qa.codeElan.TestPages.IdeatorPageTest"/>
</testsuite> <!-- com.qa.codeElan.TestPages.IdeatorPageTest -->
