<?xml version="1.0" encoding="UTF-8"?>
<!-- Generated by org.testng.reporters.JUnitReportReporter -->
<testsuite skipped="0" hostname="dell" name="com.qa.codeElan.TestPages.IdeatorPageTest" tests="2" failures="0" timestamp="08 Aug 2020 18:00:35 GMT" time="114.301" errors="0">
  <testcase name="getCreateIdeaTest" time="29.677" classname="com.qa.codeElan.TestPages.IdeatorPageTest"/>
  <testcase name="getConvertMainIdeaTest" time="84.624" classname="com.qa.codeElan.TestPages.IdeatorPageTest"/>
</testsuite> <!-- com.qa.codeElan.TestPages.IdeatorPageTest -->
