<?xml version="1.0" encoding="UTF-8"?>
<!-- Generated by org.testng.reporters.JUnitReportReporter -->
<testsuite skipped="0" hostname="dell" name="com.qa.codeElan.TestPages.Level1PageTest" tests="1" failures="0" timestamp="09 Aug 2020 05:34:27 GMT" time="44.576" errors="0">
  <testcase name="getApproveIdeaOnLevel1Page" time="44.576" classname="com.qa.codeElan.TestPages.Level1PageTest"/>
</testsuite> <!-- com.qa.codeElan.TestPages.Level1PageTest -->
