<?xml version="1.0" encoding="UTF-8"?>
<!-- Generated by org.testng.reporters.JUnitReportReporter -->
<testsuite skipped="0" hostname="dell" name="com.qa.codeElan.TestPages.Level1PageTest" tests="1" failures="0" timestamp="08 Aug 2020 18:00:35 GMT" time="34.992" errors="0">
  <testcase name="getApproveIdeaOnLevel1Page" time="34.992" classname="com.qa.codeElan.TestPages.Level1PageTest"/>
</testsuite> <!-- com.qa.codeElan.TestPages.Level1PageTest -->
