<?xml version="1.0" encoding="UTF-8"?>
<!-- Generated by org.testng.reporters.JUnitReportReporter -->
<testsuite skipped="0" hostname="dell" name="com.qa.codeElan.TestRunner.TestNgRunner" tests="1" failures="0" timestamp="17 May 2020 17:27:54 GMT" time="29.980" errors="0">
  <testcase name="feature" time="29.980" classname="com.qa.codeElan.TestRunner.TestNgRunner"/>
</testsuite> <!-- com.qa.codeElan.TestRunner.TestNgRunner -->
